<?xml version="1.0" encoding="UTF-8"?>
<!-- Generated by org.testng.reporters.JUnitReportReporter -->
<testsuite hostname="BT-R9P5" name="com.cenzic.crackme.testscript.UserRegistration" tests="1" failures="0" timestamp="24 Nov 2014 05:56:17 GMT" time="3.728" errors="0">
  <testcase name="validRegistration" time="3.728" classname="com.cenzic.crackme.testscript.UserRegistration"/>
</testsuite> <!-- com.cenzic.crackme.testscript.UserRegistration -->
